<?xml version="1.0" encoding="UTF-8"?>
<!-- Generated by org.testng.reporters.JUnitReportReporter -->
<testsuite skipped="0" hostname="W00000PC1FM434" name="com.NityaPractice.com.ClickMaxPrice" tests="1" failures="0" timestamp="27 Feb 2022 06:36:14 GMT" time="7.347" errors="0">
  <testcase name="clickMaxPrice" time="7.347" classname="com.NityaPractice.com.ClickMaxPrice"/>
</testsuite> <!-- com.NityaPractice.com.ClickMaxPrice -->
