<?xml version="1.0" encoding="UTF-8"?>
<!-- Generated by org.testng.reporters.JUnitReportReporter -->
<testsuite skipped="0" hostname="W00000PC1FM434" name="com.prractice.com.AppTest" tests="7" failures="0" timestamp="19 Feb 2022 08:39:43 GMT" time="0.021" errors="0">
  <testcase name="applicationTesting" time="0.001" classname="com.prractice.com.AppTest"/>
  <testcase name="applicationTesting" time="0.002" classname="com.prractice.com.AppTest"/>
  <testcase name="applicationTesting" time="0.012" classname="com.prractice.com.AppTest"/>
  <testcase name="applicationTesting" time="0.001" classname="com.prractice.com.AppTest"/>
  <testcase name="applicationTesting" time="0.001" classname="com.prractice.com.AppTest"/>
  <testcase name="applicationTesting" time="0.002" classname="com.prractice.com.AppTest"/>
  <testcase name="applicationTesting" time="0.002" classname="com.prractice.com.AppTest"/>
</testsuite> <!-- com.prractice.com.AppTest -->
