<?xml version="1.0" encoding="UTF-8"?>
<!-- Generated by org.testng.reporters.JUnitReportReporter -->
<testsuite skipped="0" hostname="W00000PC1FM434" name="com.javaprogramming.com.ClickMaxPrice" tests="1" failures="0" timestamp="07 Feb 2022 14:41:46 GMT" time="0.319" errors="0">
  <testcase name="clickMaxPrice" time="0.319" classname="com.javaprogramming.com.ClickMaxPrice"/>
</testsuite> <!-- com.javaprogramming.com.ClickMaxPrice -->
